[2026-04-01 00:42:40.091931] Starting metrics exporter on port 8000...
[2026-04-01 00:42:40.092291] Prometheus metrics available at http://localhost:8000/metrics
[2026-04-01 00:42:40.205960] Metrics collected OK
[2026-04-01 00:42:45.318804] Metrics collected OK
[2026-04-01 00:42:50.450146] Metrics collected OK
[2026-04-01 00:42:55.575254] Metrics collected OK
[2026-04-01 00:43:00.693015] Metrics collected OK
[2026-04-01 00:43:05.819417] Metrics collected OK
[2026-04-01 00:43:10.930991] Metrics collected OK
[2026-04-01 00:43:16.045381] Metrics collected OK
[2026-04-01 00:43:21.162744] Metrics collected OK
[2026-04-01 00:43:26.273896] Metrics collected OK
[2026-04-01 00:43:31.386581] Metrics collected OK
[2026-04-01 00:43:36.512676] Metrics collected OK
[2026-04-01 00:43:41.635048] Metrics collected OK
[2026-04-01 00:43:46.766138] Metrics collected OK
[2026-04-01 00:43:51.881716] Metrics collected OK
[2026-04-01 00:43:56.997908] Metrics collected OK
[2026-04-01 00:44:02.123705] Metrics collected OK
[2026-04-01 00:44:07.244771] Metrics collected OK
[2026-04-01 00:44:12.356058] Metrics collected OK
[2026-04-01 00:44:17.476858] Metrics collected OK
[2026-04-01 00:44:22.605344] Metrics collected OK
[2026-04-01 00:44:27.722091] Metrics collected OK
[2026-04-01 00:44:32.835440] Metrics collected OK
[2026-04-01 00:44:37.956179] Metrics collected OK
[2026-04-01 00:44:43.076369] Metrics collected OK
[2026-04-01 00:44:48.199553] Metrics collected OK
[2026-04-01 00:44:53.318175] Metrics collected OK
[2026-04-01 00:44:58.447415] Metrics collected OK
[2026-04-01 00:45:03.559558] Metrics collected OK
[2026-04-01 00:45:08.671641] Metrics collected OK
[2026-04-01 00:45:13.791987] Metrics collected OK
[2026-04-01 00:45:18.904006] Metrics collected OK
[2026-04-01 00:45:24.017794] Metrics collected OK
[2026-04-01 00:45:29.130787] Metrics collected OK
[2026-04-01 00:45:34.241565] Metrics collected OK
[2026-04-01 00:45:39.356214] Metrics collected OK
[2026-04-01 00:45:44.473640] Metrics collected OK
[2026-04-01 00:45:49.592283] Metrics collected OK
[2026-04-01 00:45:54.702849] Metrics collected OK
[2026-04-01 00:45:59.814338] Metrics collected OK
[2026-04-01 00:46:04.926579] Metrics collected OK
[2026-04-01 00:46:10.037219] Metrics collected OK
[2026-04-01 00:46:15.148453] Metrics collected OK
[2026-04-01 00:46:20.260147] Metrics collected OK
[2026-04-01 00:46:25.371282] Metrics collected OK
[2026-04-01 00:46:30.482649] Metrics collected OK
[2026-04-01 00:46:35.594034] Metrics collected OK
[2026-04-01 00:46:40.705228] Metrics collected OK
[2026-04-01 00:46:45.817647] Metrics collected OK
[2026-04-01 00:46:50.929492] Metrics collected OK
[2026-04-01 00:46:56.040793] Metrics collected OK
[2026-04-01 00:47:01.152045] Metrics collected OK
[2026-04-01 00:47:06.263418] Metrics collected OK
[2026-04-01 00:47:11.374727] Metrics collected OK
[2026-04-01 00:47:16.485720] Metrics collected OK
[2026-04-01 00:47:21.611382] Metrics collected OK
[2026-04-01 00:47:26.730809] Metrics collected OK
[2026-04-01 00:47:31.850029] Metrics collected OK
[2026-04-01 00:47:36.961602] Metrics collected OK
[2026-04-01 00:47:42.076475] Metrics collected OK
[2026-04-01 00:47:47.188736] Metrics collected OK
[2026-04-01 00:47:52.307646] Metrics collected OK
[2026-04-01 00:47:57.418179] Metrics collected OK
[2026-04-01 00:48:02.528832] Metrics collected OK
[2026-04-01 00:48:07.650726] Metrics collected OK
[2026-04-01 00:48:12.771798] Metrics collected OK
[2026-04-01 00:48:17.886483] Metrics collected OK
[2026-04-01 00:48:22.998674] Metrics collected OK
[2026-04-01 00:48:28.118883] Metrics collected OK
[2026-04-01 00:48:33.233265] Metrics collected OK
[2026-04-01 00:48:38.344321] Metrics collected OK
[2026-04-01 00:48:43.455666] Metrics collected OK
[2026-04-01 00:48:48.566808] Metrics collected OK
[2026-04-01 00:48:53.690433] Metrics collected OK
[2026-04-01 00:48:58.801611] Metrics collected OK
[2026-04-01 00:49:03.913663] Metrics collected OK
[2026-04-01 00:49:09.024412] Metrics collected OK
[2026-04-01 00:49:14.138177] Metrics collected OK
[2026-04-01 00:49:19.249511] Metrics collected OK
[2026-04-01 00:49:24.369621] Metrics collected OK
[2026-04-01 00:49:29.483810] Metrics collected OK
[2026-04-01 00:49:34.595651] Metrics collected OK
[2026-04-01 00:49:39.708115] Metrics collected OK
[2026-04-01 00:49:44.830304] Metrics collected OK
[2026-04-01 00:49:49.951737] Metrics collected OK
[2026-04-01 00:49:55.063398] Metrics collected OK
[2026-04-01 00:50:00.178966] Metrics collected OK
[2026-04-01 00:50:05.293316] Metrics collected OK
[2026-04-01 00:50:10.408773] Metrics collected OK
[2026-04-01 00:50:15.520092] Metrics collected OK
[2026-04-01 00:50:20.631547] Metrics collected OK
[2026-04-01 00:50:25.742498] Metrics collected OK
[2026-04-01 00:50:30.854317] Metrics collected OK
[2026-04-01 00:50:35.964849] Metrics collected OK
[2026-04-01 00:50:41.075703] Metrics collected OK
[2026-04-01 00:50:46.187142] Metrics collected OK
[2026-04-01 00:50:51.301021] Metrics collected OK
[2026-04-01 00:50:56.415314] Metrics collected OK
[2026-04-01 00:51:01.527571] Metrics collected OK
[2026-04-01 00:51:06.643312] Metrics collected OK
[2026-04-01 00:51:11.761192] Metrics collected OK
[2026-04-01 00:51:16.873157] Metrics collected OK
[2026-04-01 00:51:22.000764] Metrics collected OK
[2026-04-01 00:51:27.111885] Metrics collected OK
[2026-04-01 00:51:32.223995] Metrics collected OK
[2026-04-01 00:51:37.336226] Metrics collected OK
[2026-04-01 00:51:42.446862] Metrics collected OK
[2026-04-01 00:51:47.558473] Metrics collected OK
[2026-04-01 00:51:52.684853] Metrics collected OK
[2026-04-01 00:51:57.808205] Metrics collected OK
[2026-04-01 00:52:02.923202] Metrics collected OK
[2026-04-01 00:52:08.036748] Metrics collected OK
[2026-04-01 00:52:13.150656] Metrics collected OK
[2026-04-01 00:52:18.264172] Metrics collected OK
[2026-04-01 00:52:23.379622] Metrics collected OK
[2026-04-01 00:52:28.495943] Metrics collected OK
[2026-04-01 00:52:33.610226] Metrics collected OK
[2026-04-01 00:52:38.733856] Metrics collected OK
[2026-04-01 00:52:43.845416] Metrics collected OK
[2026-04-01 00:52:48.957194] Metrics collected OK
[2026-04-01 00:52:54.071489] Metrics collected OK
[2026-04-01 00:52:59.183532] Metrics collected OK
[2026-04-01 00:53:04.300033] Metrics collected OK
[2026-04-01 00:53:09.412746] Metrics collected OK
[2026-04-01 00:53:14.525195] Metrics collected OK
[MySQL ERROR] (2013, 'Lost connection to MySQL server during query')
[MongoDB ERROR] localhost:27017: [Errno 111] Connection refused (configured timeouts: socketTimeoutMS: 20000.0ms, connectTimeoutMS: 20000.0ms), Timeout: 30s, Topology Description: <TopologyDescription id: 69cc0a0f2530696f6e9cc0b6, topology_type: Unknown, servers: [<ServerDescription ('localhost', 27017) server_type: Unknown, rtt: None, error=AutoReconnect('localhost:27017: [Errno 111] Connection refused (configured timeouts: socketTimeoutMS: 20000.0ms, connectTimeoutMS: 20000.0ms)')>]>
[Redis ERROR] Error 111 connecting to localhost:6379. Connection refused.
[Kafka ERROR] NoBrokersAvailable
[2026-04-01 00:53:59.350454] Metrics collected OK
[MySQL ERROR] (2003, "Can't connect to MySQL server on 'localhost' ([Errno 111] Connection refused)")
[MongoDB ERROR] localhost:27017: [Errno 111] Connection refused (configured timeouts: socketTimeoutMS: 20000.0ms, connectTimeoutMS: 20000.0ms), Timeout: 30s, Topology Description: <TopologyDescription id: 69cc0a3c2530696f6e9cc0b7, topology_type: Unknown, servers: [<ServerDescription ('localhost', 27017) server_type: Unknown, rtt: None, error=AutoReconnect('localhost:27017: [Errno 111] Connection refused (configured timeouts: socketTimeoutMS: 20000.0ms, connectTimeoutMS: 20000.0ms)')>]>
[Redis ERROR] Error 111 connecting to localhost:6379. Connection refused.
[Kafka ERROR] NoBrokersAvailable
[2026-04-01 00:54:41.884230] Metrics collected OK
[MySQL ERROR] (2003, "Can't connect to MySQL server on 'localhost' ([Errno 111] Connection refused)")
